[3;J[H[2J
Installation results are being logged to mailscanner-install.log

Installing required system packages ...

Get:1 http://security.debian.org jessie/updates InRelease [63.1 kB]
Get:2 http://security.debian.org jessie/updates/main Sources [188 kB]
Get:3 http://security.debian.org jessie/updates/main amd64 Packages [345 kB]
Get:4 http://security.debian.org jessie/updates/main Translation-en [183 kB]
Ign http://ftp2.de.debian.org jessie InRelease
Get:5 http://ftp2.de.debian.org jessie-updates InRelease [145 kB]
Hit http://ftp2.de.debian.org jessie Release.gpg
Get:6 http://ftp2.de.debian.org jessie-updates/main Sources [15.4 kB]
Get:7 http://ftp2.de.debian.org jessie-updates/main amd64 Packages/DiffIndex [6,916 B]
Get:8 http://ftp2.de.debian.org jessie-updates/main Translation-en/DiffIndex [2,704 B]
Hit http://ftp2.de.debian.org jessie Release
Hit http://ftp2.de.debian.org jessie/main Sources
Hit http://ftp2.de.debian.org jessie/main amd64 Packages
Hit http://ftp2.de.debian.org jessie/main Translation-en
Fetched 948 kB in 6s (139 kB/s)
Reading package lists...
Reading package lists...
Building dependency tree...
Reading state information...
perl-doc is already the newest version.
0 upgraded, 0 newly installed, 0 to remove and 0 not upgraded.
Reading package lists...
Building dependency tree...
Reading state information...
libmailtools-perl is already the newest version.
0 upgraded, 0 newly installed, 0 to remove and 0 not upgraded.
Reading package lists...
Building dependency tree...
Reading state information...
re2c is already the newest version.
0 upgraded, 0 newly installed, 0 to remove and 0 not upgraded.
Reading package lists...
Building dependency tree...
Reading state information...
curl is already the newest version.
0 upgraded, 0 newly installed, 0 to remove and 0 not upgraded.
Reading package lists...
Building dependency tree...
Reading state information...
libnet-cidr-lite-perl is already the newest version.
0 upgraded, 0 newly installed, 0 to remove and 0 not upgraded.
Reading package lists...
Building dependency tree...
Reading state information...
libmime-tools-perl is already the newest version.
0 upgraded, 0 newly installed, 0 to remove and 0 not upgraded.
Reading package lists...
Building dependency tree...
Reading state information...
wget is already the newest version.
0 upgraded, 0 newly installed, 0 to remove and 0 not upgraded.
Reading package lists...
Building dependency tree...
Reading state information...
libtest-manifest-perl is already the newest version.
0 upgraded, 0 newly installed, 0 to remove and 0 not upgraded.
Reading package lists...
Building dependency tree...
Reading state information...
libnet-cidr-perl is already the newest version.
0 upgraded, 0 newly installed, 0 to remove and 0 not upgraded.
Reading package lists...
Building dependency tree...
Reading state information...
tar is already the newest version.
0 upgraded, 0 newly installed, 0 to remove and 0 not upgraded.
Reading package lists...
Building dependency tree...
Reading state information...
libdata-dump-perl is already the newest version.
0 upgraded, 0 newly installed, 0 to remove and 0 not upgraded.
Reading package lists...
Building dependency tree...
Reading state information...
libsys-syslog-perl is already the newest version.
0 upgraded, 0 newly installed, 0 to remove and 0 not upgraded.
Reading package lists...
Building dependency tree...
Reading state information...
binutils is already the newest version.
0 upgraded, 0 newly installed, 0 to remove and 0 not upgraded.
Reading package lists...
Building dependency tree...
Reading state information...
libbusiness-isbn-perl is already the newest version.
0 upgraded, 0 newly installed, 0 to remove and 0 not upgraded.
Reading package lists...
Building dependency tree...
Reading state information...
libio-stringy-perl is already the newest version.
0 upgraded, 0 newly installed, 0 to remove and 0 not upgraded.
Reading package lists...
Building dependency tree...
Reading state information...
Package unrar is not available, but is referred to by another package.
This may mean that the package is missing, has been obsoleted, or
is only available from another source

E: Package 'unrar' has no installation candidate
Reading package lists...
Building dependency tree...
Reading state information...
libdbd-mysql-perl is already the newest version.
0 upgraded, 0 newly installed, 0 to remove and 0 not upgraded.
Reading package lists...
Building dependency tree...
Reading state information...
perl-modules is already the newest version.
0 upgraded, 0 newly installed, 0 to remove and 0 not upgraded.
Reading package lists...
Building dependency tree...
Reading state information...
gcc is already the newest version.
0 upgraded, 0 newly installed, 0 to remove and 0 not upgraded.
Reading package lists...
Building dependency tree...
Reading state information...
libconvert-tnef-perl is already the newest version.
0 upgraded, 0 newly installed, 0 to remove and 0 not upgraded.
Reading package lists...
Building dependency tree...
Reading state information...
libdbd-mysql-perl is already the newest version.
0 upgraded, 0 newly installed, 0 to remove and 0 not upgraded.
Reading package lists...
Building dependency tree...
Reading state information...
make is already the newest version.
0 upgraded, 0 newly installed, 0 to remove and 0 not upgraded.
Reading package lists...
Building dependency tree...
Reading state information...
libdbd-sqlite3-perl is already the newest version.
0 upgraded, 0 newly installed, 0 to remove and 0 not upgraded.
Reading package lists...
Building dependency tree...
Reading state information...
libencode-detect-perl is already the newest version.
0 upgraded, 0 newly installed, 0 to remove and 0 not upgraded.
Reading package lists...
Building dependency tree...
Reading state information...
patch is already the newest version.
0 upgraded, 0 newly installed, 0 to remove and 0 not upgraded.
Reading package lists...
Building dependency tree...
Reading state information...
libfilesys-df-perl is already the newest version.
0 upgraded, 0 newly installed, 0 to remove and 0 not upgraded.
Reading package lists...
Building dependency tree...
Reading state information...
libc6-dev is already the newest version.
0 upgraded, 0 newly installed, 0 to remove and 0 not upgraded.
Reading package lists...
Building dependency tree...
Reading state information...
antiword is already the newest version.
0 upgraded, 0 newly installed, 0 to remove and 0 not upgraded.
Reading package lists...
Building dependency tree...
Reading state information...
libarchive-zip-perl is already the newest version.
0 upgraded, 0 newly installed, 0 to remove and 0 not upgraded.
Reading package lists...
Building dependency tree...
Reading state information...
libconfig-yaml-perl is already the newest version.
0 upgraded, 0 newly installed, 0 to remove and 0 not upgraded.
Reading package lists...
Building dependency tree...
Reading state information...
pyzor is already the newest version.
0 upgraded, 0 newly installed, 0 to remove and 0 not upgraded.
Reading package lists...
Building dependency tree...
Reading state information...
libole-storage-lite-perl is already the newest version.
0 upgraded, 0 newly installed, 0 to remove and 0 not upgraded.
Reading package lists...
Building dependency tree...
Reading state information...
libsys-sigaction-perl is already the newest version.
0 upgraded, 0 newly installed, 0 to remove and 0 not upgraded.
Reading package lists...
Building dependency tree...
Reading state information...
razor is already the newest version.
0 upgraded, 0 newly installed, 0 to remove and 0 not upgraded.
Reading package lists...
Building dependency tree...
Reading state information...
libinline-perl is already the newest version.
0 upgraded, 0 newly installed, 0 to remove and 0 not upgraded.
Reading package lists...
Building dependency tree...
Reading state information...
libmail-imapclient-perl is already the newest version.
0 upgraded, 0 newly installed, 0 to remove and 0 not upgraded.
Reading package lists...
Building dependency tree...
Reading state information...
tnef is already the newest version.
0 upgraded, 0 newly installed, 0 to remove and 0 not upgraded.
Reading package lists...
Building dependency tree...
Reading state information...
libmail-spf-perl is already the newest version.
0 upgraded, 0 newly installed, 0 to remove and 0 not upgraded.
Reading package lists...
Building dependency tree...
Reading state information...
libtest-pod-coverage-perl is already the newest version.
0 upgraded, 0 newly installed, 0 to remove and 0 not upgraded.
Reading package lists...
Building dependency tree...
Reading state information...
gzip is already the newest version.
0 upgraded, 0 newly installed, 0 to remove and 0 not upgraded.
Reading package lists...
Building dependency tree...
Reading state information...
libnetaddr-ip-perl is already the newest version.
0 upgraded, 0 newly installed, 0 to remove and 0 not upgraded.
Reading package lists...
Building dependency tree...
Reading state information...
libfile-sharedir-install-perl is already the newest version.
0 upgraded, 0 newly installed, 0 to remove and 0 not upgraded.
Reading package lists...
Building dependency tree...
Reading state information...
unzip is already the newest version.
0 upgraded, 0 newly installed, 0 to remove and 0 not upgraded.
Reading package lists...
Building dependency tree...
Reading state information...
libnet-ldap-perl is already the newest version.
0 upgraded, 0 newly installed, 0 to remove and 0 not upgraded.
Reading package lists...
Building dependency tree...
Reading state information...
libsys-hostname-long-perl is already the newest version.
0 upgraded, 0 newly installed, 0 to remove and 0 not upgraded.
Reading package lists...
Building dependency tree...
Reading state information...
openssl is already the newest version.
0 upgraded, 0 newly installed, 0 to remove and 0 not upgraded.
Reading package lists...
Building dependency tree...
Reading state information...
libmail-dkim-perl is already the newest version.
0 upgraded, 0 newly installed, 0 to remove and 0 not upgraded.
Reading package lists...
Building dependency tree...
Reading state information...
libhtml-tokeparser-simple-perl is already the newest version.
0 upgraded, 0 newly installed, 0 to remove and 0 not upgraded.
Reading package lists...
Building dependency tree...
Reading state information...
perl is already the newest version.
0 upgraded, 0 newly installed, 0 to remove and 0 not upgraded.
Reading package lists...
Building dependency tree...
Reading state information...
libbusiness-isbn-data-perl is already the newest version.
0 upgraded, 0 newly installed, 0 to remove and 0 not upgraded.
Reading package lists...
Building dependency tree...
Reading state information...
libnet-dns-resolver-programmable-perl is already the newest version.
0 upgraded, 0 newly installed, 0 to remove and 0 not upgraded.
Reading package lists...
Building dependency tree...
Reading state information...
postfix is already the newest version.
0 upgraded, 0 newly installed, 0 to remove and 0 not upgraded.
[3;J[H[2J
Installing Clam AV via apt ... 

Reading package lists...
Building dependency tree...
Reading state information...
clamav-daemon is already the newest version.
libclamav-client-perl is already the newest version.
0 upgraded, 0 newly installed, 0 to remove and 0 not upgraded.
[3;J[H[2J
Checking Perl Modules ... 

Archive::Tar => OK
Archive::Zip => OK
bignum => OK
Carp => OK
Compress::Zlib => OK
Compress::Raw::Zlib => OK
Convert::BinHex => OK
Convert::TNEF => OK
Data::Dumper => OK
Date::Parse => OK
DBD::SQLite => OK
DBI => OK
Digest::HMAC => OK
Digest::MD5 => OK
Digest::SHA1 => OK
DirHandle => OK
ExtUtils::MakeMaker => OK
Fcntl => OK
File::Basename => OK
File::Copy => OK
File::Path => OK
File::Spec => OK
File::Temp => OK
FileHandle => OK
Filesys::Df => OK
Getopt::Long => OK
Inline::C => OK
IO => OK
IO::File => OK
IO::Pipe => OK
IO::Stringy => OK
HTML::Entities => OK
HTML::Parser => OK
HTML::Tagset => OK
HTML::TokeParser => OK
Mail::Field => OK
Mail::Header => OK
Mail::IMAPClient => OK
Mail::Internet => OK
Math::BigInt => OK
Math::BigRat => OK
MIME::Base64 => OK
MIME::Decoder => OK
MIME::Decoder::UU => OK
MIME::Head => OK
MIME::Parser => OK
MIME::QuotedPrint => OK
MIME::Tools => OK
MIME::WordDecoder => OK
Net::CIDR => OK
Net::DNS => OK
Net::IP => OK
OLE::Storage_Lite => OK
Pod::Escapes => OK
Pod::Simple => OK
POSIX => OK
Scalar::Util => OK
Socket => OK
Storable => OK
Test::Harness => OK
Test::Pod => OK
Test::Simple => OK
Time::HiRes => OK
Time::localtime => OK
Sys::Hostname::Long => OK
Sys::SigAction => OK
Sys::Syslog => OK
Env => OK
File::ShareDir::Install => OK
Mail::SpamAssassin => OK
bignum => OK
Business::ISBN => OK
Business::ISBN::Data => OK
Data::Dump => OK
DB_File => OK
DBD::SQLite => OK
DBI => OK
Digest => OK
Encode::Detect => OK
Error => OK
ExtUtils::CBuilder => OK
ExtUtils::ParseXS => OK
Getopt::Long => OK
Inline => OK
IO::String => OK
IO::Zlib => OK
IP::Country => OK
Mail::SPF => OK
Mail::SPF::Query => OK
Module::Build => OK
Net::CIDR::Lite => OK
Net::DNS => OK
Net::LDAP => OK
Net::DNS::Resolver::Programmable => OK
NetAddr::IP => OK
Parse::RecDescent => OK
Test::Harness => OK
Test::Manifest => OK
Text::Balanced => OK
URI => OK
version => OK
IO::Compress::Bzip2 => OK
Mail::SpamAssassin::Plugin::Rule2XSBody => OK
Mail::SpamAssassin::Plugin::DCC => OK
Mail::SpamAssassin::Plugin::Pyzor => OK
[3;J[H[2J
Installing the MailScanner .deb package ... 
(Reading database ... 39051 files and directories currently installed.)
Preparing to unpack .../MailScanner-5.0.3-7-noarch.deb ...
Unpacking mailscanner (5.0.3-7) over (5.0.3-7) ...
Setting up mailscanner (5.0.3-7) ...
Added new: Web Bug Replacement = https://s3.amazonaws.com/msv5/images/spacer.gif
Added new: Lockfile Dir = /var/spool/MailScanner/incoming/Locks
Added new: include /etc/MailScanner/conf.d/*

Summary
-------
Read 361 settings from old /etc/MailScanner/MailScanner.conf.original
Used 359 settings from old /etc/MailScanner/MailScanner.conf.original
Used 4 default settings from new /etc/MailScanner/MailScanner.conf.dist

ERROR: Problem with internal logger (UpdateLogFile = /var/log/clamav/freshclam.log).
ERROR: /var/log/clamav/freshclam.log is locked by another process

----------------------------------------------------------
Installation Complete

See http://www.mailscanner.info for more information and  
support via the MailScanner mailing list.


Review: Set your preferences in /etc/MailScanner/MailScanner.conf
and review /etc/MailScanner/defaults

